# JRE version: Java(TM) SE Runtime Environment (8.0_131-b11) (build 1.8.0_131-b11)
# Java VM: Java HotSpot(TM) 64-Bit Server VM (25.131-b11 mixed mode windows-amd64 compressed oops)
Heap:
 PSYoungGen      total 286208K, used 28729K [0x00000000eab00000, 0x00000000fd580000, 0x0000000100000000)
  eden space 267776K, 10% used [0x00000000eab00000,0x00000000ec70e410,0x00000000fb080000)
  from space 18432K, 0% used [0x00000000fc380000,0x00000000fc380000,0x00000000fd580000)
  to   space 18944K, 0% used [0x00000000fb080000,0x00000000fb080000,0x00000000fc300000)
 ParOldGen       total 327680K, used 61548K [0x00000000c0000000, 0x00000000d4000000, 0x00000000eab00000)
  object space 327680K, 18% used [0x00000000c0000000,0x00000000c3c1b3e0,0x00000000d4000000)
 Metaspace       used 115509K, capacity 125896K, committed 126424K, reserved 1159168K
  class space    used 13877K, capacity 17028K, committed 17152K, reserved 1048576K
GC Heap History (10 events):
Event: 1475.290 GC heap before
{Heap before GC invocations=76 (full 32):
 PSYoungGen      total 287744K, used 1143K [0x00000000eab00000, 0x00000000fd980000, 0x0000000100000000)
  eden space 267776K, 0% used [0x00000000eab00000,0x00000000eab00000,0x00000000fb080000)
  from space 19968K, 5% used [0x00000000fc600000,0x00000000fc71dc90,0x00000000fd980000)
  to   space 20992K, 0% used [0x00000000fb080000,0x00000000fb080000,0x00000000fc500000)
 ParOldGen       total 327680K, used 61475K [0x00000000c0000000, 0x00000000d4000000, 0x00000000eab00000)
  object space 327680K, 18% used [0x00000000c0000000,0x00000000c3c08e88,0x00000000d4000000)
 Metaspace       used 114402K, capacity 124642K, committed 125016K, reserved 1157120K
  class space    used 13759K, capacity 16892K, committed 17024K, reserved 1048576K
Event: 1475.526 GC heap after
Heap after GC invocations=76 (full 32):
 PSYoungGen      total 287744K, used 0K [0x00000000eab00000, 0x00000000fd980000, 0x0000000100000000)
  eden space 267776K, 0% used [0x00000000eab00000,0x00000000eab00000,0x00000000fb080000)
  from space 19968K, 0% used [0x00000000fc600000,0x00000000fc600000,0x00000000fd980000)
  to   space 20992K, 0% used [0x00000000fb080000,0x00000000fb080000,0x00000000fc500000)
 ParOldGen       total 327680K, used 61244K [0x00000000c0000000, 0x00000000d4000000, 0x00000000eab00000)
  object space 327680K, 18% used [0x00000000c0000000,0x00000000c3bcf3e8,0x00000000d4000000)
 Metaspace       used 114402K, capacity 124642K, committed 125016K, reserved 1157120K
  class space    used 13759K, capacity 16892K, committed 17024K, reserved 1048576K
}
Event: 1535.298 GC heap before
{Heap before GC invocations=77 (full 32):
 PSYoungGen      total 287744K, used 59649K [0x00000000eab00000, 0x00000000fd980000, 0x0000000100000000)
  eden space 267776K, 22% used [0x00000000eab00000,0x00000000ee5405f0,0x00000000fb080000)
  from space 19968K, 0% used [0x00000000fc600000,0x00000000fc600000,0x00000000fd980000)
  to   space 20992K, 0% used [0x00000000fb080000,0x00000000fb080000,0x00000000fc500000)
 ParOldGen       total 327680K, used 61244K [0x00000000c0000000, 0x00000000d4000000, 0x00000000eab00000)
  object space 327680K, 18% used [0x00000000c0000000,0x00000000c3bcf3e8,0x00000000d4000000)
 Metaspace       used 115182K, capacity 125424K, committed 125784K, reserved 1159168K
  class space    used 13831K, capacity 16960K, committed 17024K, reserved 1048576K
Event: 1535.304 GC heap after
Heap after GC invocations=77 (full 32):
 PSYoungGen      total 269824K, used 1723K [0x00000000eab00000, 0x00000000fd680000, 0x0000000100000000)
  eden space 267776K, 0% used [0x00000000eab00000,0x00000000eab00000,0x00000000fb080000)
  from space 2048K, 84% used [0x00000000fb080000,0x00000000fb22ee20,0x00000000fb280000)
  to   space 19456K, 0% used [0x00000000fc380000,0x00000000fc380000,0x00000000fd680000)
 ParOldGen       total 327680K, used 61252K [0x00000000c0000000, 0x00000000d4000000, 0x00000000eab00000)
  object space 327680K, 18% used [0x00000000c0000000,0x00000000c3bd13e8,0x00000000d4000000)
 Metaspace       used 115182K, capacity 125424K, committed 125784K, reserved 1159168K
  class space    used 13831K, capacity 16960K, committed 17024K, reserved 1048576K
}
Event: 1535.304 GC heap before
{Heap before GC invocations=78 (full 33):
 PSYoungGen      total 269824K, used 1723K [0x00000000eab00000, 0x00000000fd680000, 0x0000000100000000)
  eden space 267776K, 0% used [0x00000000eab00000,0x00000000eab00000,0x00000000fb080000)
  from space 2048K, 84% used [0x00000000fb080000,0x00000000fb22ee20,0x00000000fb280000)
  to   space 19456K, 0% used [0x00000000fc380000,0x00000000fc380000,0x00000000fd680000)
 ParOldGen       total 327680K, used 61252K [0x00000000c0000000, 0x00000000d4000000, 0x00000000eab00000)
  object space 327680K, 18% used [0x00000000c0000000,0x00000000c3bd13e8,0x00000000d4000000)
 Metaspace       used 115182K, capacity 125424K, committed 125784K, reserved 1159168K
  class space    used 13831K, capacity 16960K, committed 17024K, reserved 1048576K
Event: 1535.589 GC heap after
Heap after GC invocations=78 (full 33):
 PSYoungGen      total 269824K, used 0K [0x00000000eab00000, 0x00000000fd680000, 0x0000000100000000)
  eden space 267776K, 0% used [0x00000000eab00000,0x00000000eab00000,0x00000000fb080000)
  from space 2048K, 0% used [0x00000000fb080000,0x00000000fb080000,0x00000000fb280000)
  to   space 19456K, 0% used [0x00000000fc380000,0x00000000fc380000,0x00000000fd680000)
 ParOldGen       total 327680K, used 62123K [0x00000000c0000000, 0x00000000d4000000, 0x00000000eab00000)
  object space 327680K, 18% used [0x00000000c0000000,0x00000000c3caacc0,0x00000000d4000000)
 Metaspace       used 115182K, capacity 125424K, committed 125784K, reserved 1159168K
  class space    used 13831K, capacity 16960K, committed 17024K, reserved 1048576K
}
Event: 1595.309 GC heap before
{Heap before GC invocations=79 (full 33):
 PSYoungGen      total 269824K, used 53111K [0x00000000eab00000, 0x00000000fd680000, 0x0000000100000000)
  eden space 267776K, 19% used [0x00000000eab00000,0x00000000ededdf00,0x00000000fb080000)
  from space 2048K, 0% used [0x00000000fb080000,0x00000000fb080000,0x00000000fb280000)
  to   space 19456K, 0% used [0x00000000fc380000,0x00000000fc380000,0x00000000fd680000)
 ParOldGen       total 327680K, used 62123K [0x00000000c0000000, 0x00000000d4000000, 0x00000000eab00000)
  object space 327680K, 18% used [0x00000000c0000000,0x00000000c3caacc0,0x00000000d4000000)
 Metaspace       used 115262K, capacity 125590K, committed 126168K, reserved 1159168K
  class space    used 13849K, capacity 16993K, committed 17152K, reserved 1048576K
Event: 1595.313 GC heap after
Heap after GC invocations=79 (full 33):
 PSYoungGen      total 286208K, used 256K [0x00000000eab00000, 0x00000000fd580000, 0x0000000100000000)
  eden space 267776K, 0% used [0x00000000eab00000,0x00000000eab00000,0x00000000fb080000)
  from space 18432K, 1% used [0x00000000fc380000,0x00000000fc3c0000,0x00000000fd580000)
  to   space 18944K, 0% used [0x00000000fb080000,0x00000000fb080000,0x00000000fc300000)
 ParOldGen       total 327680K, used 62131K [0x00000000c0000000, 0x00000000d4000000, 0x00000000eab00000)
  object space 327680K, 18% used [0x00000000c0000000,0x00000000c3caccc0,0x00000000d4000000)
 Metaspace       used 115262K, capacity 125590K, committed 126168K, reserved 1159168K
  class space    used 13849K, capacity 16993K, committed 17152K, reserved 1048576K
}
Event: 1595.313 GC heap before
{Heap before GC invocations=80 (full 34):
 PSYoungGen      total 286208K, used 256K [0x00000000eab00000, 0x00000000fd580000, 0x0000000100000000)
  eden space 267776K, 0% used [0x00000000eab00000,0x00000000eab00000,0x00000000fb080000)
  from space 18432K, 1% used [0x00000000fc380000,0x00000000fc3c0000,0x00000000fd580000)
  to   space 18944K, 0% used [0x00000000fb080000,0x00000000fb080000,0x00000000fc300000)
 ParOldGen       total 327680K, used 62131K [0x00000000c0000000, 0x00000000d4000000, 0x00000000eab00000)
  object space 327680K, 18% used [0x00000000c0000000,0x00000000c3caccc0,0x00000000d4000000)
 Metaspace       used 115262K, capacity 125590K, committed 126168K, reserved 1159168K
  class space    used 13849K, capacity 16993K, committed 17152K, reserved 1048576K
Event: 1595.579 GC heap after
Heap after GC invocations=80 (full 34):
 PSYoungGen      total 286208K, used 0K [0x00000000eab00000, 0x00000000fd580000, 0x0000000100000000)
  eden space 267776K, 0% used [0x00000000eab00000,0x00000000eab00000,0x00000000fb080000)
  from space 18432K, 0% used [0x00000000fc380000,0x00000000fc380000,0x00000000fd580000)
  to   space 18944K, 0% used [0x00000000fb080000,0x00000000fb080000,0x00000000fc300000)
 ParOldGen       total 327680K, used 61548K [0x00000000c0000000, 0x00000000d4000000, 0x00000000eab00000)
  object space 327680K, 18% used [0x00000000c0000000,0x00000000c3c1b3e0,0x00000000d4000000)
 Metaspace       used 115262K, capacity 125590K, committed 126168K, reserved 1159168K
  class space    used 13849K, capacity 16993K, committed 17152K, reserved 1048576K
}

